<?xml version="1.0" encoding="UTF-8"?>
<testng-results ignored="0" total="5" passed="5" failed="0" skipped="0">
  <reporter-output>
  </reporter-output>
  <suite started-at="2024-06-06T09:39:17 IDT" name="Default suite" finished-at="2024-06-06T09:39:46 IDT" duration-ms="29477">
    <groups>
    </groups>
    <test started-at="2024-06-06T09:39:17 IDT" name="Default test" finished-at="2024-06-06T09:39:46 IDT" duration-ms="29477">
      <class name="main">
        <test-method signature="testInitializeChromedriver()[pri:0, instance:main@58cbafc2]" started-at="2024-06-06T09:39:17 IDT" name="testInitializeChromedriver" description="Initialize chromedriver" finished-at="2024-06-06T09:39:19 IDT" duration-ms="2478" status="PASS">
          <reporter-output>
          </reporter-output>
        </test-method> <!-- testInitializeChromedriver -->
        <test-method signature="testNavigateToLinkedIn()[pri:1, instance:main@58cbafc2]" started-at="2024-06-06T09:39:19 IDT" name="testNavigateToLinkedIn" description="Navigate to linkedin" finished-at="2024-06-06T09:39:24 IDT" duration-ms="4416" status="PASS">
          <reporter-output>
          </reporter-output>
        </test-method> <!-- testNavigateToLinkedIn -->
        <test-method signature="testSigninToLinkedIn()[pri:2, instance:main@58cbafc2]" started-at="2024-06-06T09:39:24 IDT" name="testSigninToLinkedIn" description="Navigate to sign in and perform login" finished-at="2024-06-06T09:39:29 IDT" duration-ms="5471" status="PASS">
          <reporter-output>
          </reporter-output>
        </test-method> <!-- testSigninToLinkedIn -->
        <test-method signature="testGetDataFromProfile()[pri:3, instance:main@58cbafc2]" started-at="2024-06-06T09:39:29 IDT" name="testGetDataFromProfile" description="Open profile and extract data" finished-at="2024-06-06T09:39:39 IDT" duration-ms="9495" status="PASS">
          <reporter-output>
          </reporter-output>
        </test-method> <!-- testGetDataFromProfile -->
        <test-method signature="testGetConnectionsData()[pri:4, instance:main@58cbafc2]" started-at="2024-06-06T09:39:39 IDT" name="testGetConnectionsData" description="Navigate to connections page and get the first page data, then print it as JSON" finished-at="2024-06-06T09:39:46 IDT" duration-ms="7567" status="PASS">
          <reporter-output>
          </reporter-output>
        </test-method> <!-- testGetConnectionsData -->
      </class> <!-- main -->
    </test> <!-- Default test -->
  </suite> <!-- Default suite -->
</testng-results>
