<?xml version="1.0" encoding="UTF-8"?>
<testng-results ignored="0" total="5" passed="5" failed="0" skipped="0">
  <reporter-output>
  </reporter-output>
  <suite started-at="2024-06-05T16:54:54 IDT" name="Default suite" finished-at="2024-06-05T16:55:22 IDT" duration-ms="27642">
    <groups>
    </groups>
    <test started-at="2024-06-05T16:54:54 IDT" name="Default test" finished-at="2024-06-05T16:55:22 IDT" duration-ms="27642">
      <class name="main">
        <test-method signature="testInitializeChromedriver()[pri:0, instance:main@58cbafc2]" started-at="2024-06-05T16:54:54 IDT" name="testInitializeChromedriver" description="Initialize chromedriver" finished-at="2024-06-05T16:54:55 IDT" duration-ms="1133" status="PASS">
          <reporter-output>
          </reporter-output>
        </test-method> <!-- testInitializeChromedriver -->
        <test-method signature="testNavigateToLinkedIn()[pri:1, instance:main@58cbafc2]" started-at="2024-06-05T16:54:55 IDT" name="testNavigateToLinkedIn" description="Navigate to linkedin" finished-at="2024-06-05T16:55:00 IDT" duration-ms="4410" status="PASS">
          <reporter-output>
          </reporter-output>
        </test-method> <!-- testNavigateToLinkedIn -->
        <test-method signature="testSigninToLinkedIn()[pri:2, instance:main@58cbafc2]" started-at="2024-06-05T16:55:00 IDT" name="testSigninToLinkedIn" description="Navigate to sign in and perform login" finished-at="2024-06-05T16:55:07 IDT" duration-ms="7092" status="PASS">
          <reporter-output>
          </reporter-output>
        </test-method> <!-- testSigninToLinkedIn -->
        <test-method signature="testGetDataFromProfile()[pri:3, instance:main@58cbafc2]" started-at="2024-06-05T16:55:07 IDT" name="testGetDataFromProfile" description="Open profile and extract data" finished-at="2024-06-05T16:55:14 IDT" duration-ms="7445" status="PASS">
          <reporter-output>
          </reporter-output>
        </test-method> <!-- testGetDataFromProfile -->
        <test-method signature="testGetConnectionsData()[pri:4, instance:main@58cbafc2]" started-at="2024-06-05T16:55:14 IDT" name="testGetConnectionsData" description="Navigate to connections page and get the first page data, the print it as JSON" finished-at="2024-06-05T16:55:22 IDT" duration-ms="7506" status="PASS">
          <reporter-output>
          </reporter-output>
        </test-method> <!-- testGetConnectionsData -->
      </class> <!-- main -->
    </test> <!-- Default test -->
  </suite> <!-- Default suite -->
</testng-results>
